<?xml version="1.0" encoding="UTF-8"?>
<testng-results ignored="0" total="1" passed="1" failed="0" skipped="0">
  <reporter-output>
  </reporter-output>
  <suite started-at="2023-03-11T11:54:28 IST" name="Suite" finished-at="2023-03-11T11:54:29 IST" duration-ms="812">
    <groups>
    </groups>
    <test started-at="2023-03-11T11:54:28 IST" name="Test" finished-at="2023-03-11T11:54:29 IST" duration-ms="812">
      <class name="pages.HomePage">
        <test-method is-config="true" signature="setup()[pri:0, instance:pages.HomePage@6e6f2380]" started-at="2023-03-11T11:54:20 IST" name="setup" finished-at="2023-03-11T11:54:28 IST" duration-ms="8745" status="PASS">
          <reporter-output>
          </reporter-output>
        </test-method> <!-- setup -->
        <test-method signature="clickOPtions()[pri:0, instance:pages.HomePage@6e6f2380]" started-at="2023-03-11T11:54:28 IST" name="clickOPtions" finished-at="2023-03-11T11:54:29 IST" duration-ms="760" status="PASS">
          <reporter-output>
          </reporter-output>
        </test-method> <!-- clickOPtions -->
        <test-method is-config="true" signature="TearDown()[pri:0, instance:pages.HomePage@6e6f2380]" started-at="2023-03-11T11:54:29 IST" name="TearDown" finished-at="2023-03-11T11:54:34 IST" duration-ms="5161" status="PASS">
          <reporter-output>
          </reporter-output>
        </test-method> <!-- TearDown -->
      </class> <!-- pages.HomePage -->
    </test> <!-- Test -->
  </suite> <!-- Suite -->
</testng-results>
