<?xml version="1.0" encoding="UTF-8"?>
<testng-results ignored="0" total="0" passed="0" failed="0" skipped="0">
  <reporter-output>
  </reporter-output>
  <suite started-at="2023-03-11T11:09:15 IST" name="Suite" finished-at="2023-03-11T11:09:15 IST" duration-ms="12">
    <groups>
    </groups>
    <test started-at="2023-03-11T11:09:15 IST" name="Test" finished-at="2023-03-11T11:09:15 IST" duration-ms="12">
      <class name="base.TestBase">
        <test-method is-config="true" signature="setup()[pri:0, instance:base.TestBase@4686afc2]" started-at="2023-03-11T11:08:55 IST" name="setup" finished-at="2023-03-11T11:09:15 IST" duration-ms="19907" status="PASS">
          <reporter-output>
          </reporter-output>
        </test-method> <!-- setup -->
        <test-method is-config="true" signature="TearDown()[pri:0, instance:base.TestBase@4686afc2]" started-at="2023-03-11T11:09:15 IST" name="TearDown" finished-at="2023-03-11T11:09:20 IST" duration-ms="5137" status="PASS">
          <reporter-output>
          </reporter-output>
        </test-method> <!-- TearDown -->
      </class> <!-- base.TestBase -->
    </test> <!-- Test -->
  </suite> <!-- Suite -->
</testng-results>
